2023-03-22 19:58:49,266 [Worker-4: Loading available Gradle versions] INFO  o.e.b.c.i.u.g.PublishedGradleVersions - Gradle version information cache is out-of-date. Trying to update.
2023-03-22 20:00:01,539 [Worker-4: Loading available Gradle versions] INFO  o.e.b.c.i.u.g.PublishedGradleVersions - Gradle version information cache is up-to-date. Trying to read.
2023-03-22 20:02:13,663 [Worker-9: Creating objetos-uno] INFO  o.e.m.c.i.p.ProjectConfigurationManager - Collecting project info '/pom.xml' C:\Users\juans\OneDrive\Documentos\Lic Sistemas\3 - Tercer Año\01 - Primer Semestre\01 - Orientacion a Objetos 2\Practica OO2\Actividades Practicas OO2\ejercicio01\pom.xml
2023-03-22 20:02:25,583 [Worker-9: Creating objetos-uno] INFO  o.e.m.c.i.l.LifecycleMappingFactory - Using org.eclipse.m2e.jdt.JarLifecycleMapping lifecycle mapping for MavenProject: practicaOO2:ejercicio01:0.0.1-SNAPSHOT @ C:\Users\juans\OneDrive\Documentos\Lic Sistemas\3 - Tercer Año\01 - Primer Semestre\01 - Orientacion a Objetos 2\Practica OO2\Actividades Practicas OO2\ejercicio01\pom.xml.
2023-03-22 20:02:28,490 [Worker-9: Creating objetos-uno] INFO  o.e.m.j.i.AbstractJavaProjectConfigurator - Adding source folder /ejercicio01/src/main/java
2023-03-22 20:02:28,495 [Worker-9: Creating objetos-uno] INFO  o.e.m.j.i.AbstractJavaProjectConfigurator - Adding source folder /ejercicio01/src/test/java
2023-03-22 20:02:28,618 [Worker-9: Creating objetos-uno] INFO  o.e.m.c.i.p.ProjectConfigurationManager - Imported and configured 1 project(s) in 14 sec
2023-03-22 20:02:29,489 [Worker-21: Building] INFO  o.e.m.c.i.embedder.EclipseLogger - Using 'UTF-8' encoding to copy filtered resources.
2023-03-22 20:02:29,490 [Worker-21: Building] INFO  o.e.m.c.i.embedder.EclipseLogger - skip non existing resourceDirectory C:\Users\juans\OneDrive\Documentos\Lic Sistemas\3 - Tercer Año\01 - Primer Semestre\01 - Orientacion a Objetos 2\Practica OO2\Actividades Practicas OO2\ejercicio01\src\main\resources
2023-03-22 20:02:29,497 [Worker-21: Building] INFO  o.e.m.c.i.embedder.EclipseLogger - Using 'UTF-8' encoding to copy filtered resources.
2023-03-22 20:02:29,497 [Worker-21: Building] INFO  o.e.m.c.i.embedder.EclipseLogger - skip non existing resourceDirectory C:\Users\juans\OneDrive\Documentos\Lic Sistemas\3 - Tercer Año\01 - Primer Semestre\01 - Orientacion a Objetos 2\Practica OO2\Actividades Practicas OO2\ejercicio01\src\test\resources
2023-03-22 20:02:50,474 [Worker-0: Building] INFO  o.e.m.c.i.embedder.EclipseLogger - Using 'UTF-8' encoding to copy filtered resources.
2023-03-22 20:02:50,475 [Worker-0: Building] INFO  o.e.m.c.i.embedder.EclipseLogger - skip non existing resourceDirectory C:\Users\juans\OneDrive\Documentos\Lic Sistemas\3 - Tercer Año\01 - Primer Semestre\01 - Orientacion a Objetos 2\Practica OO2\Actividades Practicas OO2\ejercicio01\src\main\resources
2023-03-22 20:02:50,482 [Worker-0: Building] INFO  o.e.m.c.i.embedder.EclipseLogger - Using 'UTF-8' encoding to copy filtered resources.
2023-03-22 20:02:50,483 [Worker-0: Building] INFO  o.e.m.c.i.embedder.EclipseLogger - skip non existing resourceDirectory C:\Users\juans\OneDrive\Documentos\Lic Sistemas\3 - Tercer Año\01 - Primer Semestre\01 - Orientacion a Objetos 2\Practica OO2\Actividades Practicas OO2\ejercicio01\src\test\resources
2023-03-22 20:03:02,694 [Worker-0: Building] INFO  o.e.m.c.i.embedder.EclipseLogger - Using 'UTF-8' encoding to copy filtered resources.
2023-03-22 20:03:02,696 [Worker-0: Building] INFO  o.e.m.c.i.embedder.EclipseLogger - skip non existing resourceDirectory C:\Users\juans\OneDrive\Documentos\Lic Sistemas\3 - Tercer Año\01 - Primer Semestre\01 - Orientacion a Objetos 2\Practica OO2\Actividades Practicas OO2\ejercicio01\src\main\resources
2023-03-22 20:03:02,702 [Worker-0: Building] INFO  o.e.m.c.i.embedder.EclipseLogger - Using 'UTF-8' encoding to copy filtered resources.
2023-03-22 20:03:02,703 [Worker-0: Building] INFO  o.e.m.c.i.embedder.EclipseLogger - skip non existing resourceDirectory C:\Users\juans\OneDrive\Documentos\Lic Sistemas\3 - Tercer Año\01 - Primer Semestre\01 - Orientacion a Objetos 2\Practica OO2\Actividades Practicas OO2\ejercicio01\src\test\resources
2023-03-22 20:03:41,402 [Worker-21: Building] INFO  o.e.m.c.i.embedder.EclipseLogger - Using 'UTF-8' encoding to copy filtered resources.
2023-03-22 20:03:41,404 [Worker-21: Building] INFO  o.e.m.c.i.embedder.EclipseLogger - skip non existing resourceDirectory C:\Users\juans\OneDrive\Documentos\Lic Sistemas\3 - Tercer Año\01 - Primer Semestre\01 - Orientacion a Objetos 2\Practica OO2\Actividades Practicas OO2\ejercicio01\src\main\resources
2023-03-22 20:03:41,437 [Worker-21: Building] INFO  o.e.m.c.i.embedder.EclipseLogger - Using 'UTF-8' encoding to copy filtered resources.
2023-03-22 20:03:41,438 [Worker-21: Building] INFO  o.e.m.c.i.embedder.EclipseLogger - skip non existing resourceDirectory C:\Users\juans\OneDrive\Documentos\Lic Sistemas\3 - Tercer Año\01 - Primer Semestre\01 - Orientacion a Objetos 2\Practica OO2\Actividades Practicas OO2\ejercicio01\src\test\resources
2023-03-22 20:12:02,408 [Worker-12: Building] INFO  o.e.m.c.i.embedder.EclipseLogger - Using 'UTF-8' encoding to copy filtered resources.
2023-03-22 20:12:02,409 [Worker-12: Building] INFO  o.e.m.c.i.embedder.EclipseLogger - skip non existing resourceDirectory C:\Users\juans\OneDrive\Documentos\Lic Sistemas\3 - Tercer Año\01 - Primer Semestre\01 - Orientacion a Objetos 2\Practica OO2\Actividades Practicas OO2\ejercicio01\src\main\resources
2023-03-22 20:12:02,412 [Worker-12: Building] INFO  o.e.m.c.i.embedder.EclipseLogger - Using 'UTF-8' encoding to copy filtered resources.
2023-03-22 20:12:02,413 [Worker-12: Building] INFO  o.e.m.c.i.embedder.EclipseLogger - skip non existing resourceDirectory C:\Users\juans\OneDrive\Documentos\Lic Sistemas\3 - Tercer Año\01 - Primer Semestre\01 - Orientacion a Objetos 2\Practica OO2\Actividades Practicas OO2\ejercicio01\src\test\resources
2023-03-22 20:12:23,551 [Worker-12: Building] INFO  o.e.m.c.i.embedder.EclipseLogger - Using 'UTF-8' encoding to copy filtered resources.
2023-03-22 20:12:23,553 [Worker-12: Building] INFO  o.e.m.c.i.embedder.EclipseLogger - skip non existing resourceDirectory C:\Users\juans\OneDrive\Documentos\Lic Sistemas\3 - Tercer Año\01 - Primer Semestre\01 - Orientacion a Objetos 2\Practica OO2\Actividades Practicas OO2\ejercicio01\src\main\resources
2023-03-22 20:12:23,558 [Worker-12: Building] INFO  o.e.m.c.i.embedder.EclipseLogger - Using 'UTF-8' encoding to copy filtered resources.
2023-03-22 20:12:23,559 [Worker-12: Building] INFO  o.e.m.c.i.embedder.EclipseLogger - skip non existing resourceDirectory C:\Users\juans\OneDrive\Documentos\Lic Sistemas\3 - Tercer Año\01 - Primer Semestre\01 - Orientacion a Objetos 2\Practica OO2\Actividades Practicas OO2\ejercicio01\src\test\resources
2023-03-22 20:12:36,357 [Worker-12: Building] INFO  o.e.m.c.i.embedder.EclipseLogger - Using 'UTF-8' encoding to copy filtered resources.
2023-03-22 20:12:36,358 [Worker-12: Building] INFO  o.e.m.c.i.embedder.EclipseLogger - skip non existing resourceDirectory C:\Users\juans\OneDrive\Documentos\Lic Sistemas\3 - Tercer Año\01 - Primer Semestre\01 - Orientacion a Objetos 2\Practica OO2\Actividades Practicas OO2\ejercicio01\src\main\resources
2023-03-22 20:12:36,361 [Worker-12: Building] INFO  o.e.m.c.i.embedder.EclipseLogger - Using 'UTF-8' encoding to copy filtered resources.
2023-03-22 20:12:36,362 [Worker-12: Building] INFO  o.e.m.c.i.embedder.EclipseLogger - skip non existing resourceDirectory C:\Users\juans\OneDrive\Documentos\Lic Sistemas\3 - Tercer Año\01 - Primer Semestre\01 - Orientacion a Objetos 2\Practica OO2\Actividades Practicas OO2\ejercicio01\src\test\resources
2023-03-22 20:14:09,127 [Worker-25: Building] INFO  o.e.m.c.i.embedder.EclipseLogger - Using 'UTF-8' encoding to copy filtered resources.
2023-03-22 20:14:09,129 [Worker-25: Building] INFO  o.e.m.c.i.embedder.EclipseLogger - skip non existing resourceDirectory C:\Users\juans\OneDrive\Documentos\Lic Sistemas\3 - Tercer Año\01 - Primer Semestre\01 - Orientacion a Objetos 2\Practica OO2\Actividades Practicas OO2\ejercicio01\src\main\resources
2023-03-22 20:14:09,135 [Worker-25: Building] INFO  o.e.m.c.i.embedder.EclipseLogger - Using 'UTF-8' encoding to copy filtered resources.
2023-03-22 20:14:09,136 [Worker-25: Building] INFO  o.e.m.c.i.embedder.EclipseLogger - skip non existing resourceDirectory C:\Users\juans\OneDrive\Documentos\Lic Sistemas\3 - Tercer Año\01 - Primer Semestre\01 - Orientacion a Objetos 2\Practica OO2\Actividades Practicas OO2\ejercicio01\src\test\resources
2023-03-22 20:15:24,874 [Worker-26: Building] INFO  o.e.m.c.i.embedder.EclipseLogger - Using 'UTF-8' encoding to copy filtered resources.
2023-03-22 20:15:24,875 [Worker-26: Building] INFO  o.e.m.c.i.embedder.EclipseLogger - skip non existing resourceDirectory C:\Users\juans\OneDrive\Documentos\Lic Sistemas\3 - Tercer Año\01 - Primer Semestre\01 - Orientacion a Objetos 2\Practica OO2\Actividades Practicas OO2\ejercicio01\src\main\resources
2023-03-22 20:15:24,879 [Worker-26: Building] INFO  o.e.m.c.i.embedder.EclipseLogger - Using 'UTF-8' encoding to copy filtered resources.
2023-03-22 20:15:24,879 [Worker-26: Building] INFO  o.e.m.c.i.embedder.EclipseLogger - skip non existing resourceDirectory C:\Users\juans\OneDrive\Documentos\Lic Sistemas\3 - Tercer Año\01 - Primer Semestre\01 - Orientacion a Objetos 2\Practica OO2\Actividades Practicas OO2\ejercicio01\src\test\resources
2023-03-22 20:18:55,317 [Worker-28: Building] INFO  o.e.m.c.i.embedder.EclipseLogger - Using 'UTF-8' encoding to copy filtered resources.
2023-03-22 20:18:55,318 [Worker-28: Building] INFO  o.e.m.c.i.embedder.EclipseLogger - skip non existing resourceDirectory C:\Users\juans\OneDrive\Documentos\Lic Sistemas\3 - Tercer Año\01 - Primer Semestre\01 - Orientacion a Objetos 2\Practica OO2\Actividades Practicas OO2\ejercicio01\src\main\resources
2023-03-22 20:18:55,321 [Worker-28: Building] INFO  o.e.m.c.i.embedder.EclipseLogger - Using 'UTF-8' encoding to copy filtered resources.
2023-03-22 20:18:55,322 [Worker-28: Building] INFO  o.e.m.c.i.embedder.EclipseLogger - skip non existing resourceDirectory C:\Users\juans\OneDrive\Documentos\Lic Sistemas\3 - Tercer Año\01 - Primer Semestre\01 - Orientacion a Objetos 2\Practica OO2\Actividades Practicas OO2\ejercicio01\src\test\resources
2023-03-22 20:19:33,620 [Worker-23: Building] INFO  o.e.m.c.i.embedder.EclipseLogger - Using 'UTF-8' encoding to copy filtered resources.
2023-03-22 20:19:33,621 [Worker-23: Building] INFO  o.e.m.c.i.embedder.EclipseLogger - skip non existing resourceDirectory C:\Users\juans\OneDrive\Documentos\Lic Sistemas\3 - Tercer Año\01 - Primer Semestre\01 - Orientacion a Objetos 2\Practica OO2\Actividades Practicas OO2\ejercicio01\src\main\resources
2023-03-22 20:19:33,625 [Worker-23: Building] INFO  o.e.m.c.i.embedder.EclipseLogger - Using 'UTF-8' encoding to copy filtered resources.
2023-03-22 20:19:33,625 [Worker-23: Building] INFO  o.e.m.c.i.embedder.EclipseLogger - skip non existing resourceDirectory C:\Users\juans\OneDrive\Documentos\Lic Sistemas\3 - Tercer Año\01 - Primer Semestre\01 - Orientacion a Objetos 2\Practica OO2\Actividades Practicas OO2\ejercicio01\src\test\resources
2023-03-22 20:22:08,544 [Worker-28: Building] INFO  o.e.m.c.i.embedder.EclipseLogger - Using 'UTF-8' encoding to copy filtered resources.
2023-03-22 20:22:08,545 [Worker-28: Building] INFO  o.e.m.c.i.embedder.EclipseLogger - skip non existing resourceDirectory C:\Users\juans\OneDrive\Documentos\Lic Sistemas\3 - Tercer Año\01 - Primer Semestre\01 - Orientacion a Objetos 2\Practica OO2\Actividades Practicas OO2\ejercicio01\src\main\resources
2023-03-22 20:22:08,548 [Worker-28: Building] INFO  o.e.m.c.i.embedder.EclipseLogger - Using 'UTF-8' encoding to copy filtered resources.
2023-03-22 20:22:08,549 [Worker-28: Building] INFO  o.e.m.c.i.embedder.EclipseLogger - skip non existing resourceDirectory C:\Users\juans\OneDrive\Documentos\Lic Sistemas\3 - Tercer Año\01 - Primer Semestre\01 - Orientacion a Objetos 2\Practica OO2\Actividades Practicas OO2\ejercicio01\src\test\resources
2023-03-22 20:26:02,262 [Worker-29: Building] INFO  o.e.m.c.i.embedder.EclipseLogger - Using 'UTF-8' encoding to copy filtered resources.
2023-03-22 20:26:02,263 [Worker-29: Building] INFO  o.e.m.c.i.embedder.EclipseLogger - skip non existing resourceDirectory C:\Users\juans\OneDrive\Documentos\Lic Sistemas\3 - Tercer Año\01 - Primer Semestre\01 - Orientacion a Objetos 2\Practica OO2\Actividades Practicas OO2\ejercicio01\src\main\resources
2023-03-22 20:26:02,264 [Worker-29: Building] INFO  o.e.m.c.i.embedder.EclipseLogger - Using 'UTF-8' encoding to copy filtered resources.
2023-03-22 20:26:02,264 [Worker-29: Building] INFO  o.e.m.c.i.embedder.EclipseLogger - skip non existing resourceDirectory C:\Users\juans\OneDrive\Documentos\Lic Sistemas\3 - Tercer Año\01 - Primer Semestre\01 - Orientacion a Objetos 2\Practica OO2\Actividades Practicas OO2\ejercicio01\src\test\resources
2023-03-22 20:26:29,865 [Worker-28: Building] INFO  o.e.m.c.i.embedder.EclipseLogger - Using 'UTF-8' encoding to copy filtered resources.
2023-03-22 20:26:29,866 [Worker-28: Building] INFO  o.e.m.c.i.embedder.EclipseLogger - skip non existing resourceDirectory C:\Users\juans\OneDrive\Documentos\Lic Sistemas\3 - Tercer Año\01 - Primer Semestre\01 - Orientacion a Objetos 2\Practica OO2\Actividades Practicas OO2\ejercicio01\src\main\resources
2023-03-22 20:26:29,867 [Worker-28: Building] INFO  o.e.m.c.i.embedder.EclipseLogger - Using 'UTF-8' encoding to copy filtered resources.
2023-03-22 20:26:29,868 [Worker-28: Building] INFO  o.e.m.c.i.embedder.EclipseLogger - skip non existing resourceDirectory C:\Users\juans\OneDrive\Documentos\Lic Sistemas\3 - Tercer Año\01 - Primer Semestre\01 - Orientacion a Objetos 2\Practica OO2\Actividades Practicas OO2\ejercicio01\src\test\resources
